<?xml version="1.0" encoding="UTF-8"?>
<!-- Generated by org.testng.reporters.JUnitReportReporter -->
<testsuite hostname="LMC-LT-102" failures="0" tests="1" name="hello.TestDemo" time="0.011" errors="0" timestamp="2023-04-29T12:42:48 IST" skipped="0">
  <testcase classname="hello.TestDemo" name="add" time="0.011"/>
  <system-out/>
</testsuite> <!-- hello.TestDemo -->
